{"C:\\Users\\suy4a\\Projeto-Intermediario-CleanCode\\EcoFala\\src\\Styles.js": {"path":"C:\\Users\\suy4a\\Projeto-Intermediario-CleanCode\\EcoFala\\src\\Styles.js","statementMap":{"0":{"start":{"line":3,"column":21},"end":{"line":334,"column":2}}},"fnMap":{},"branchMap":{},"s":{"0":2},"f":{},"b":{},"_coverageSchema":"1a1c01bbd47fc00a2c39e90264f33305004495a9","hash":"058b892278282166ccef8acb4a7adbdf22c8de20"}
,"C:\\Users\\suy4a\\Projeto-Intermediario-CleanCode\\EcoFala\\src\\components\\ToastMessage.js": {"path":"C:\\Users\\suy4a\\Projeto-Intermediario-CleanCode\\EcoFala\\src\\components\\ToastMessage.js","statementMap":{"0":{"start":{"line":5,"column":19},"end":{"line":5,"column":56}},"1":{"start":{"line":7,"column":2},"end":{"line":27,"column":16}},"2":{"start":{"line":8,"column":4},"end":{"line":26,"column":5}},"3":{"start":{"line":9,"column":6},"end":{"line":13,"column":17}},"4":{"start":{"line":15,"column":20},"end":{"line":23,"column":14}},"5":{"start":{"line":16,"column":8},"end":{"line":22,"column":11}},"6":{"start":{"line":21,"column":10},"end":{"line":21,"column":29}},"7":{"start":{"line":25,"column":6},"end":{"line":25,"column":39}},"8":{"start":{"line":25,"column":19},"end":{"line":25,"column":38}},"9":{"start":{"line":29,"column":2},"end":{"line":29,"column":28}},"10":{"start":{"line":29,"column":16},"end":{"line":29,"column":28}},"11":{"start":{"line":31,"column":2},"end":{"line":41,"column":4}},"12":{"start":{"line":44,"column":15},"end":{"line":68,"column":2}}},"fnMap":{"0":{"name":"ToastMessage","decl":{"start":{"line":4,"column":24},"end":{"line":4,"column":36}},"loc":{"start":{"line":4,"column":85},"end":{"line":42,"column":1}},"line":4},"1":{"name":"(anonymous_1)","decl":{"start":{"line":7,"column":12},"end":{"line":7,"column":13}},"loc":{"start":{"line":7,"column":18},"end":{"line":27,"column":3}},"line":7},"2":{"name":"(anonymous_2)","decl":{"start":{"line":15,"column":31},"end":{"line":15,"column":32}},"loc":{"start":{"line":15,"column":37},"end":{"line":23,"column":7}},"line":15},"3":{"name":"(anonymous_3)","decl":{"start":{"line":20,"column":17},"end":{"line":20,"column":18}},"loc":{"start":{"line":20,"column":23},"end":{"line":22,"column":9}},"line":20},"4":{"name":"(anonymous_4)","decl":{"start":{"line":25,"column":13},"end":{"line":25,"column":14}},"loc":{"start":{"line":25,"column":19},"end":{"line":25,"column":38}},"line":25}},"branchMap":{"0":{"loc":{"start":{"line":4,"column":48},"end":{"line":4,"column":64}},"type":"default-arg","locations":[{"start":{"line":4,"column":55},"end":{"line":4,"column":64}}],"line":4},"1":{"loc":{"start":{"line":8,"column":4},"end":{"line":26,"column":5}},"type":"if","locations":[{"start":{"line":8,"column":4},"end":{"line":26,"column":5}},{"start":{},"end":{}}],"line":8},"2":{"loc":{"start":{"line":21,"column":10},"end":{"line":21,"column":28}},"type":"binary-expr","locations":[{"start":{"line":21,"column":10},"end":{"line":21,"column":16}},{"start":{"line":21,"column":20},"end":{"line":21,"column":28}}],"line":21},"3":{"loc":{"start":{"line":29,"column":2},"end":{"line":29,"column":28}},"type":"if","locations":[{"start":{"line":29,"column":2},"end":{"line":29,"column":28}},{"start":{},"end":{}}],"line":29},"4":{"loc":{"start":{"line":35,"column":8},"end":{"line":35,"column":56}},"type":"cond-expr","locations":[{"start":{"line":35,"column":27},"end":{"line":35,"column":39}},{"start":{"line":35,"column":42},"end":{"line":35,"column":56}}],"line":35}},"s":{"0":5,"1":5,"2":5,"3":1,"4":1,"5":0,"6":0,"7":1,"8":1,"9":5,"10":4,"11":1,"12":2},"f":{"0":5,"1":5,"2":0,"3":0,"4":1},"b":{"0":[0],"1":[1,4],"2":[0,0],"3":[4,1],"4":[1,0]},"_coverageSchema":"1a1c01bbd47fc00a2c39e90264f33305004495a9","hash":"83adbf89dfbba30571812912bc3fc85fe3aa9aa1"}
,"C:\\Users\\suy4a\\Projeto-Intermediario-CleanCode\\EcoFala\\src\\data\\feedbackSchema.js": {"path":"C:\\Users\\suy4a\\Projeto-Intermediario-CleanCode\\EcoFala\\src\\data\\feedbackSchema.js","statementMap":{"0":{"start":{"line":2,"column":30},"end":{"line":10,"column":1}}},"fnMap":{},"branchMap":{},"s":{"0":1},"f":{},"b":{},"_coverageSchema":"1a1c01bbd47fc00a2c39e90264f33305004495a9","hash":"848f62ab12fcb4ebd154867cfbd0e74ade2fc8d6"}
,"C:\\Users\\suy4a\\Projeto-Intermediario-CleanCode\\EcoFala\\src\\data\\patientSchema.js": {"path":"C:\\Users\\suy4a\\Projeto-Intermediario-CleanCode\\EcoFala\\src\\data\\patientSchema.js","statementMap":{"0":{"start":{"line":1,"column":29},"end":{"line":15,"column":1}}},"fnMap":{},"branchMap":{},"s":{"0":1},"f":{},"b":{},"_coverageSchema":"1a1c01bbd47fc00a2c39e90264f33305004495a9","hash":"0eb7833772da1f63feceed65b3117caf4818d935"}
,"C:\\Users\\suy4a\\Projeto-Intermediario-CleanCode\\EcoFala\\src\\screens\\Cadastro.js": {"path":"C:\\Users\\suy4a\\Projeto-Intermediario-CleanCode\\EcoFala\\src\\screens\\Cadastro.js","statementMap":{"0":{"start":{"line":8,"column":34},"end":{"line":8,"column":57}},"1":{"start":{"line":9,"column":28},"end":{"line":9,"column":86}},"2":{"start":{"line":11,"column":20},"end":{"line":13,"column":3}},"3":{"start":{"line":12,"column":4},"end":{"line":12,"column":47}},"4":{"start":{"line":15,"column":23},"end":{"line":15,"column":85}},"5":{"start":{"line":15,"column":41},"end":{"line":15,"column":85}},"6":{"start":{"line":17,"column":23},"end":{"line":26,"column":3}},"7":{"start":{"line":18,"column":25},"end":{"line":18,"column":85}},"8":{"start":{"line":18,"column":65},"end":{"line":18,"column":84}},"9":{"start":{"line":19,"column":4},"end":{"line":22,"column":5}},"10":{"start":{"line":20,"column":6},"end":{"line":20,"column":71}},"11":{"start":{"line":21,"column":6},"end":{"line":21,"column":13}},"12":{"start":{"line":24,"column":4},"end":{"line":24,"column":58}},"13":{"start":{"line":25,"column":4},"end":{"line":25,"column":37}},"14":{"start":{"line":28,"column":2},"end":{"line":56,"column":4}},"15":{"start":{"line":32,"column":10},"end":{"line":41,"column":25}},"16":{"start":{"line":34,"column":69},"end":{"line":34,"column":86}},"17":{"start":{"line":39,"column":38},"end":{"line":39,"column":61}},"18":{"start":{"line":44,"column":41},"end":{"line":44,"column":73}},"19":{"start":{"line":52,"column":24},"end":{"line":52,"column":62}}},"fnMap":{"0":{"name":"Cadastro","decl":{"start":{"line":7,"column":24},"end":{"line":7,"column":32}},"loc":{"start":{"line":7,"column":49},"end":{"line":57,"column":1}},"line":7},"1":{"name":"(anonymous_1)","decl":{"start":{"line":11,"column":20},"end":{"line":11,"column":21}},"loc":{"start":{"line":11,"column":51},"end":{"line":13,"column":3}},"line":11},"2":{"name":"(anonymous_2)","decl":{"start":{"line":15,"column":23},"end":{"line":15,"column":24}},"loc":{"start":{"line":15,"column":41},"end":{"line":15,"column":85}},"line":15},"3":{"name":"(anonymous_3)","decl":{"start":{"line":17,"column":23},"end":{"line":17,"column":24}},"loc":{"start":{"line":17,"column":29},"end":{"line":26,"column":3}},"line":17},"4":{"name":"(anonymous_4)","decl":{"start":{"line":18,"column":54},"end":{"line":18,"column":55}},"loc":{"start":{"line":18,"column":65},"end":{"line":18,"column":84}},"line":18},"5":{"name":"(anonymous_5)","decl":{"start":{"line":31,"column":35},"end":{"line":31,"column":36}},"loc":{"start":{"line":32,"column":10},"end":{"line":41,"column":25}},"line":32},"6":{"name":"(anonymous_6)","decl":{"start":{"line":34,"column":60},"end":{"line":34,"column":61}},"loc":{"start":{"line":34,"column":69},"end":{"line":34,"column":86}},"line":34},"7":{"name":"(anonymous_7)","decl":{"start":{"line":39,"column":28},"end":{"line":39,"column":29}},"loc":{"start":{"line":39,"column":38},"end":{"line":39,"column":61}},"line":39},"8":{"name":"(anonymous_8)","decl":{"start":{"line":44,"column":35},"end":{"line":44,"column":36}},"loc":{"start":{"line":44,"column":41},"end":{"line":44,"column":73}},"line":44},"9":{"name":"(anonymous_9)","decl":{"start":{"line":52,"column":18},"end":{"line":52,"column":19}},"loc":{"start":{"line":52,"column":24},"end":{"line":52,"column":62}},"line":52}},"branchMap":{"0":{"loc":{"start":{"line":11,"column":30},"end":{"line":11,"column":46}},"type":"default-arg","locations":[{"start":{"line":11,"column":37},"end":{"line":11,"column":46}}],"line":11},"1":{"loc":{"start":{"line":19,"column":4},"end":{"line":22,"column":5}},"type":"if","locations":[{"start":{"line":19,"column":4},"end":{"line":22,"column":5}},{"start":{},"end":{}}],"line":19}},"s":{"0":2,"1":2,"2":2,"3":0,"4":2,"5":0,"6":2,"7":0,"8":0,"9":0,"10":0,"11":0,"12":0,"13":0,"14":2,"15":26,"16":26,"17":0,"18":1,"19":0},"f":{"0":2,"1":0,"2":0,"3":0,"4":0,"5":26,"6":26,"7":0,"8":1,"9":0},"b":{"0":[0],"1":[0,0]},"_coverageSchema":"1a1c01bbd47fc00a2c39e90264f33305004495a9","hash":"9a16085a98d6daf9fa402c8defc10f4d7d070c3a"}
,"C:\\Users\\suy4a\\Projeto-Intermediario-CleanCode\\EcoFala\\src\\screens\\Feedback.js": {"path":"C:\\Users\\suy4a\\Projeto-Intermediario-CleanCode\\EcoFala\\src\\screens\\Feedback.js","statementMap":{"0":{"start":{"line":8,"column":34},"end":{"line":8,"column":58}},"1":{"start":{"line":9,"column":28},"end":{"line":9,"column":86}},"2":{"start":{"line":11,"column":20},"end":{"line":13,"column":3}},"3":{"start":{"line":12,"column":4},"end":{"line":12,"column":47}},"4":{"start":{"line":15,"column":23},"end":{"line":15,"column":85}},"5":{"start":{"line":15,"column":41},"end":{"line":15,"column":85}},"6":{"start":{"line":17,"column":23},"end":{"line":25,"column":3}},"7":{"start":{"line":18,"column":25},"end":{"line":18,"column":85}},"8":{"start":{"line":18,"column":65},"end":{"line":18,"column":84}},"9":{"start":{"line":19,"column":4},"end":{"line":22,"column":5}},"10":{"start":{"line":20,"column":6},"end":{"line":20,"column":71}},"11":{"start":{"line":21,"column":6},"end":{"line":21,"column":13}},"12":{"start":{"line":24,"column":4},"end":{"line":24,"column":58}},"13":{"start":{"line":27,"column":2},"end":{"line":59,"column":4}},"14":{"start":{"line":33,"column":10},"end":{"line":44,"column":25}},"15":{"start":{"line":35,"column":69},"end":{"line":35,"column":86}},"16":{"start":{"line":40,"column":38},"end":{"line":40,"column":61}},"17":{"start":{"line":55,"column":24},"end":{"line":55,"column":62}}},"fnMap":{"0":{"name":"Feedback","decl":{"start":{"line":7,"column":24},"end":{"line":7,"column":32}},"loc":{"start":{"line":7,"column":35},"end":{"line":60,"column":1}},"line":7},"1":{"name":"(anonymous_1)","decl":{"start":{"line":11,"column":20},"end":{"line":11,"column":21}},"loc":{"start":{"line":11,"column":51},"end":{"line":13,"column":3}},"line":11},"2":{"name":"(anonymous_2)","decl":{"start":{"line":15,"column":23},"end":{"line":15,"column":24}},"loc":{"start":{"line":15,"column":41},"end":{"line":15,"column":85}},"line":15},"3":{"name":"(anonymous_3)","decl":{"start":{"line":17,"column":23},"end":{"line":17,"column":24}},"loc":{"start":{"line":17,"column":29},"end":{"line":25,"column":3}},"line":17},"4":{"name":"(anonymous_4)","decl":{"start":{"line":18,"column":54},"end":{"line":18,"column":55}},"loc":{"start":{"line":18,"column":65},"end":{"line":18,"column":84}},"line":18},"5":{"name":"(anonymous_5)","decl":{"start":{"line":32,"column":35},"end":{"line":32,"column":36}},"loc":{"start":{"line":33,"column":10},"end":{"line":44,"column":25}},"line":33},"6":{"name":"(anonymous_6)","decl":{"start":{"line":35,"column":60},"end":{"line":35,"column":61}},"loc":{"start":{"line":35,"column":69},"end":{"line":35,"column":86}},"line":35},"7":{"name":"(anonymous_7)","decl":{"start":{"line":40,"column":28},"end":{"line":40,"column":29}},"loc":{"start":{"line":40,"column":38},"end":{"line":40,"column":61}},"line":40},"8":{"name":"(anonymous_8)","decl":{"start":{"line":55,"column":18},"end":{"line":55,"column":19}},"loc":{"start":{"line":55,"column":24},"end":{"line":55,"column":62}},"line":55}},"branchMap":{"0":{"loc":{"start":{"line":11,"column":30},"end":{"line":11,"column":46}},"type":"default-arg","locations":[{"start":{"line":11,"column":37},"end":{"line":11,"column":46}}],"line":11},"1":{"loc":{"start":{"line":19,"column":4},"end":{"line":22,"column":5}},"type":"if","locations":[{"start":{"line":19,"column":4},"end":{"line":22,"column":5}},{"start":{},"end":{}}],"line":19}},"s":{"0":3,"1":3,"2":3,"3":1,"4":3,"5":0,"6":3,"7":1,"8":1,"9":1,"10":1,"11":1,"12":0,"13":3,"14":21,"15":21,"16":0,"17":0},"f":{"0":3,"1":1,"2":0,"3":1,"4":1,"5":21,"6":21,"7":0,"8":0},"b":{"0":[0],"1":[1,0]},"_coverageSchema":"1a1c01bbd47fc00a2c39e90264f33305004495a9","hash":"f378075ba7a6f9179512d2e5de1354cb0518a42a"}
,"C:\\Users\\suy4a\\Projeto-Intermediario-CleanCode\\EcoFala\\src\\services\\authService.js": {"path":"C:\\Users\\suy4a\\Projeto-Intermediario-CleanCode\\EcoFala\\src\\services\\authService.js","statementMap":{"0":{"start":{"line":2,"column":2},"end":{"line":4,"column":3}},"1":{"start":{"line":3,"column":4},"end":{"line":3,"column":60}},"2":{"start":{"line":6,"column":20},"end":{"line":6,"column":39}},"3":{"start":{"line":7,"column":20},"end":{"line":7,"column":28}},"4":{"start":{"line":9,"column":2},"end":{"line":13,"column":3}},"5":{"start":{"line":10,"column":4},"end":{"line":10,"column":16}},"6":{"start":{"line":12,"column":4},"end":{"line":12,"column":45}}},"fnMap":{"0":{"name":"loginUser","decl":{"start":{"line":1,"column":22},"end":{"line":1,"column":31}},"loc":{"start":{"line":1,"column":46},"end":{"line":14,"column":1}},"line":1}},"branchMap":{"0":{"loc":{"start":{"line":2,"column":2},"end":{"line":4,"column":3}},"type":"if","locations":[{"start":{"line":2,"column":2},"end":{"line":4,"column":3}},{"start":{},"end":{}}],"line":2},"1":{"loc":{"start":{"line":2,"column":6},"end":{"line":2,"column":22}},"type":"binary-expr","locations":[{"start":{"line":2,"column":6},"end":{"line":2,"column":12}},{"start":{"line":2,"column":16},"end":{"line":2,"column":22}}],"line":2},"2":{"loc":{"start":{"line":9,"column":2},"end":{"line":13,"column":3}},"type":"if","locations":[{"start":{"line":9,"column":2},"end":{"line":13,"column":3}},{"start":{"line":11,"column":9},"end":{"line":13,"column":3}}],"line":9},"3":{"loc":{"start":{"line":9,"column":6},"end":{"line":9,"column":48}},"type":"binary-expr","locations":[{"start":{"line":9,"column":6},"end":{"line":9,"column":25}},{"start":{"line":9,"column":29},"end":{"line":9,"column":48}}],"line":9}},"s":{"0":2,"1":0,"2":2,"3":2,"4":2,"5":1,"6":1},"f":{"0":2},"b":{"0":[0,2],"1":[2,2],"2":[1,1],"3":[2,2]},"_coverageSchema":"1a1c01bbd47fc00a2c39e90264f33305004495a9","hash":"e2bbd111845a1be8e1d13380b2acbbf17270c6a3"}
,"C:\\Users\\suy4a\\Projeto-Intermediario-CleanCode\\EcoFala\\src\\services\\reportBuilder.js": {"path":"C:\\Users\\suy4a\\Projeto-Intermediario-CleanCode\\EcoFala\\src\\services\\reportBuilder.js","statementMap":{"0":{"start":{"line":3,"column":4},"end":{"line":8,"column":6}},"1":{"start":{"line":12,"column":4},"end":{"line":12,"column":36}},"2":{"start":{"line":13,"column":4},"end":{"line":13,"column":16}},"3":{"start":{"line":17,"column":4},"end":{"line":17,"column":51}},"4":{"start":{"line":18,"column":4},"end":{"line":18,"column":16}},"5":{"start":{"line":22,"column":4},"end":{"line":22,"column":44}},"6":{"start":{"line":23,"column":4},"end":{"line":23,"column":16}},"7":{"start":{"line":27,"column":4},"end":{"line":27,"column":38}},"8":{"start":{"line":28,"column":4},"end":{"line":28,"column":16}},"9":{"start":{"line":32,"column":4},"end":{"line":34,"column":5}},"10":{"start":{"line":33,"column":6},"end":{"line":33,"column":70}},"11":{"start":{"line":35,"column":4},"end":{"line":35,"column":23}}},"fnMap":{"0":{"name":"(anonymous_0)","decl":{"start":{"line":2,"column":2},"end":{"line":2,"column":3}},"loc":{"start":{"line":2,"column":16},"end":{"line":9,"column":3}},"line":2},"1":{"name":"(anonymous_1)","decl":{"start":{"line":11,"column":2},"end":{"line":11,"column":3}},"loc":{"start":{"line":11,"column":24},"end":{"line":14,"column":3}},"line":11},"2":{"name":"(anonymous_2)","decl":{"start":{"line":16,"column":2},"end":{"line":16,"column":3}},"loc":{"start":{"line":16,"column":35},"end":{"line":19,"column":3}},"line":16},"3":{"name":"(anonymous_3)","decl":{"start":{"line":21,"column":2},"end":{"line":21,"column":3}},"loc":{"start":{"line":21,"column":32},"end":{"line":24,"column":3}},"line":21},"4":{"name":"(anonymous_4)","decl":{"start":{"line":26,"column":2},"end":{"line":26,"column":3}},"loc":{"start":{"line":26,"column":26},"end":{"line":29,"column":3}},"line":26},"5":{"name":"(anonymous_5)","decl":{"start":{"line":31,"column":2},"end":{"line":31,"column":3}},"loc":{"start":{"line":31,"column":10},"end":{"line":36,"column":3}},"line":31}},"branchMap":{"0":{"loc":{"start":{"line":32,"column":4},"end":{"line":34,"column":5}},"type":"if","locations":[{"start":{"line":32,"column":4},"end":{"line":34,"column":5}},{"start":{},"end":{}}],"line":32}},"s":{"0":2,"1":1,"2":1,"3":1,"4":1,"5":1,"6":1,"7":1,"8":1,"9":2,"10":1,"11":1},"f":{"0":2,"1":1,"2":1,"3":1,"4":1,"5":2},"b":{"0":[1,1]},"_coverageSchema":"1a1c01bbd47fc00a2c39e90264f33305004495a9","hash":"6620832a79ac8a12a9900fde42ea4e2097679277"}
}
