TN:
SF:src\Styles.js
FNF:0
FNH:0
DA:3,2
LF:1
LH:1
BRF:0
BRH:0
end_of_record
TN:
SF:src\components\ToastMessage.js
FN:4,ToastMessage
FN:7,(anonymous_1)
FN:15,(anonymous_2)
FN:20,(anonymous_3)
FN:25,(anonymous_4)
FNF:5
FNH:3
FNDA:5,ToastMessage
FNDA:5,(anonymous_1)
FNDA:0,(anonymous_2)
FNDA:0,(anonymous_3)
FNDA:1,(anonymous_4)
DA:5,5
DA:7,5
DA:8,5
DA:9,1
DA:15,1
DA:16,0
DA:21,0
DA:25,1
DA:29,5
DA:31,1
DA:44,2
LF:11
LH:9
BRDA:4,0,0,0
BRDA:8,1,0,1
BRDA:8,1,1,4
BRDA:21,2,0,0
BRDA:21,2,1,0
BRDA:29,3,0,4
BRDA:29,3,1,1
BRDA:35,4,0,1
BRDA:35,4,1,0
BRF:9
BRH:5
end_of_record
TN:
SF:src\data\feedbackSchema.js
FNF:0
FNH:0
DA:2,1
LF:1
LH:1
BRF:0
BRH:0
end_of_record
TN:
SF:src\data\patientSchema.js
FNF:0
FNH:0
DA:1,1
LF:1
LH:1
BRF:0
BRH:0
end_of_record
TN:
SF:src\screens\Cadastro.js
FN:7,Cadastro
FN:11,(anonymous_1)
FN:15,(anonymous_2)
FN:17,(anonymous_3)
FN:18,(anonymous_4)
FN:31,(anonymous_5)
FN:34,(anonymous_6)
FN:39,(anonymous_7)
FN:44,(anonymous_8)
FN:52,(anonymous_9)
FNF:10
FNH:4
FNDA:2,Cadastro
FNDA:0,(anonymous_1)
FNDA:0,(anonymous_2)
FNDA:0,(anonymous_3)
FNDA:0,(anonymous_4)
FNDA:26,(anonymous_5)
FNDA:26,(anonymous_6)
FNDA:0,(anonymous_7)
FNDA:1,(anonymous_8)
FNDA:0,(anonymous_9)
DA:8,2
DA:9,2
DA:11,2
DA:12,0
DA:15,2
DA:17,2
DA:18,0
DA:19,0
DA:20,0
DA:21,0
DA:24,0
DA:25,0
DA:28,2
DA:32,26
DA:34,26
DA:39,0
DA:44,1
DA:52,0
LF:18
LH:9
BRDA:11,0,0,0
BRDA:19,1,0,0
BRDA:19,1,1,0
BRF:3
BRH:0
end_of_record
TN:
SF:src\screens\Feedback.js
FN:7,Feedback
FN:11,(anonymous_1)
FN:15,(anonymous_2)
FN:17,(anonymous_3)
FN:18,(anonymous_4)
FN:32,(anonymous_5)
FN:35,(anonymous_6)
FN:40,(anonymous_7)
FN:55,(anonymous_8)
FNF:9
FNH:6
FNDA:3,Feedback
FNDA:1,(anonymous_1)
FNDA:0,(anonymous_2)
FNDA:1,(anonymous_3)
FNDA:1,(anonymous_4)
FNDA:21,(anonymous_5)
FNDA:21,(anonymous_6)
FNDA:0,(anonymous_7)
FNDA:0,(anonymous_8)
DA:8,3
DA:9,3
DA:11,3
DA:12,1
DA:15,3
DA:17,3
DA:18,1
DA:19,1
DA:20,1
DA:21,1
DA:24,0
DA:27,3
DA:33,21
DA:35,21
DA:40,0
DA:55,0
LF:16
LH:13
BRDA:11,0,0,0
BRDA:19,1,0,1
BRDA:19,1,1,0
BRF:3
BRH:1
end_of_record
TN:
SF:src\services\authService.js
FN:1,loginUser
FNF:1
FNH:1
FNDA:2,loginUser
DA:2,2
DA:3,0
DA:6,2
DA:7,2
DA:9,2
DA:10,1
DA:12,1
LF:7
LH:6
BRDA:2,0,0,0
BRDA:2,0,1,2
BRDA:2,1,0,2
BRDA:2,1,1,2
BRDA:9,2,0,1
BRDA:9,2,1,1
BRDA:9,3,0,2
BRDA:9,3,1,2
BRF:8
BRH:7
end_of_record
TN:
SF:src\services\reportBuilder.js
FN:2,(anonymous_0)
FN:11,(anonymous_1)
FN:16,(anonymous_2)
FN:21,(anonymous_3)
FN:26,(anonymous_4)
FN:31,(anonymous_5)
FNF:6
FNH:6
FNDA:2,(anonymous_0)
FNDA:1,(anonymous_1)
FNDA:1,(anonymous_2)
FNDA:1,(anonymous_3)
FNDA:1,(anonymous_4)
FNDA:2,(anonymous_5)
DA:3,2
DA:12,1
DA:13,1
DA:17,1
DA:18,1
DA:22,1
DA:23,1
DA:27,1
DA:28,1
DA:32,2
DA:33,1
DA:35,1
LF:12
LH:12
BRDA:32,0,0,1
BRDA:32,0,1,1
BRF:2
BRH:2
end_of_record
